
3월 15, 2024 10:35:13.67 NEW SESSION
3월 15, 2024 10:35:13.67 INFO: Created TensorFlow Lite XNNPACK delegate for CPU.

3월 18, 2024 12:42:20.00 NEW SESSION
3월 18, 2024 12:42:20.00 INFO: Created TensorFlow Lite XNNPACK delegate for CPU.
3월 18, 2024 12:44:47.136 INFO: Created TensorFlow Lite XNNPACK delegate for CPU.
3월 18, 2024 12:47:53.296 INFO: Created TensorFlow Lite XNNPACK delegate for CPU.
3월 18, 2024 12:53:15.248 INFO: Created TensorFlow Lite XNNPACK delegate for CPU.
3월 18, 2024 12:53:46.760 INFO: Created TensorFlow Lite XNNPACK delegate for CPU.
3월 18, 2024 14:17:48.202 INFO: Created TensorFlow Lite XNNPACK delegate for CPU.
3월 18, 2024 14:21:07.795 INFO: Created TensorFlow Lite XNNPACK delegate for CPU.
3월 18, 2024 14:22:08.697 INFO: Created TensorFlow Lite XNNPACK delegate for CPU.

3월 19, 2024 09:52:17.799 NEW SESSION
3월 19, 2024 09:52:17.799 INFO: Created TensorFlow Lite XNNPACK delegate for CPU.
3월 19, 2024 10:11:54.533 INFO: Created TensorFlow Lite XNNPACK delegate for CPU.
3월 19, 2024 10:46:49.874 INFO: Created TensorFlow Lite XNNPACK delegate for CPU.
3월 19, 2024 11:08:43.209 INFO: Created TensorFlow Lite XNNPACK delegate for CPU.
3월 19, 2024 11:32:22.795 INFO: Created TensorFlow Lite XNNPACK delegate for CPU.
3월 19, 2024 11:56:39.127 INFO: Created TensorFlow Lite XNNPACK delegate for CPU.
3월 19, 2024 12:49:02.943 INFO: Created TensorFlow Lite XNNPACK delegate for CPU.
3월 19, 2024 13:01:30.630 INFO: Created TensorFlow Lite XNNPACK delegate for CPU.
3월 19, 2024 13:02:49.612 INFO: Created TensorFlow Lite XNNPACK delegate for CPU.
3월 19, 2024 13:08:14.407 INFO: Created TensorFlow Lite XNNPACK delegate for CPU.
3월 19, 2024 13:19:42.768 INFO: Created TensorFlow Lite XNNPACK delegate for CPU.

3월 20, 2024 09:51:13.183 NEW SESSION
3월 20, 2024 09:51:13.183 INFO: Created TensorFlow Lite XNNPACK delegate for CPU.
3월 20, 2024 10:44:09.362 INFO: Created TensorFlow Lite XNNPACK delegate for CPU.
3월 20, 2024 10:45:35.165 INFO: Created TensorFlow Lite XNNPACK delegate for CPU.
3월 20, 2024 11:00:07.871 INFO: Created TensorFlow Lite XNNPACK delegate for CPU.
3월 20, 2024 11:03:17.271 INFO: Created TensorFlow Lite XNNPACK delegate for CPU.
3월 20, 2024 11:05:05.824 INFO: Created TensorFlow Lite XNNPACK delegate for CPU.
3월 20, 2024 11:56:39.638 INFO: Created TensorFlow Lite XNNPACK delegate for CPU.

3월 21, 2024 10:18:05.51 NEW SESSION
3월 21, 2024 10:18:05.51 INFO: Created TensorFlow Lite XNNPACK delegate for CPU.
3월 21, 2024 10:22:49.830 INFO: Created TensorFlow Lite XNNPACK delegate for CPU.
3월 21, 2024 11:12:38.522 INFO: Created TensorFlow Lite XNNPACK delegate for CPU.
3월 21, 2024 11:20:38.261 INFO: Created TensorFlow Lite XNNPACK delegate for CPU.

3월 21, 2024 11:25:57.377 NEW SESSION
3월 21, 2024 11:25:57.377 INFO: Created TensorFlow Lite XNNPACK delegate for CPU.
3월 21, 2024 11:31:08.370 INFO: Created TensorFlow Lite XNNPACK delegate for CPU.

3월 21, 2024 11:39:31.264 NEW SESSION
3월 21, 2024 11:39:31.264 INFO: Created TensorFlow Lite XNNPACK delegate for CPU.
3월 21, 2024 11:58:12.72 INFO: Created TensorFlow Lite XNNPACK delegate for CPU.
3월 21, 2024 12:09:42.357 INFO: Created TensorFlow Lite XNNPACK delegate for CPU.
3월 21, 2024 12:16:34.484 INFO: Created TensorFlow Lite XNNPACK delegate for CPU.
3월 21, 2024 12:18:35.817 INFO: Created TensorFlow Lite XNNPACK delegate for CPU.
3월 21, 2024 12:19:45.164 INFO: Created TensorFlow Lite XNNPACK delegate for CPU.
3월 21, 2024 12:25:55.219 INFO: Created TensorFlow Lite XNNPACK delegate for CPU.
3월 21, 2024 13:04:24.690 INFO: Created TensorFlow Lite XNNPACK delegate for CPU.
3월 21, 2024 14:16:42.323 INFO: Created TensorFlow Lite XNNPACK delegate for CPU.
3월 21, 2024 14:17:30.705 INFO: Created TensorFlow Lite XNNPACK delegate for CPU.
3월 21, 2024 14:22:23.870 INFO: Created TensorFlow Lite XNNPACK delegate for CPU.
3월 21, 2024 14:24:14.648 INFO: Created TensorFlow Lite XNNPACK delegate for CPU.
3월 21, 2024 14:28:57.775 INFO: Created TensorFlow Lite XNNPACK delegate for CPU.
3월 21, 2024 14:34:17.998 INFO: Created TensorFlow Lite XNNPACK delegate for CPU.
3월 21, 2024 14:47:32.772 INFO: Created TensorFlow Lite XNNPACK delegate for CPU.
3월 21, 2024 15:19:58.634 INFO: Created TensorFlow Lite XNNPACK delegate for CPU.

3월 21, 2024 16:52:45.169 NEW SESSION
3월 21, 2024 16:52:45.169 INFO: Created TensorFlow Lite XNNPACK delegate for CPU.

3월 22, 2024 10:41:19.45 NEW SESSION
3월 22, 2024 10:41:19.45 INFO: Created TensorFlow Lite XNNPACK delegate for CPU.
3월 22, 2024 10:44:18.61 INFO: Created TensorFlow Lite XNNPACK delegate for CPU.
3월 22, 2024 10:48:17.321 INFO: Created TensorFlow Lite XNNPACK delegate for CPU.
3월 22, 2024 10:49:16.824 INFO: Created TensorFlow Lite XNNPACK delegate for CPU.
3월 22, 2024 10:54:50.377 INFO: Created TensorFlow Lite XNNPACK delegate for CPU.
3월 22, 2024 11:38:48.196 INFO: Created TensorFlow Lite XNNPACK delegate for CPU.
3월 22, 2024 11:39:53.257 INFO: Created TensorFlow Lite XNNPACK delegate for CPU.
3월 22, 2024 11:41:02.105 INFO: Created TensorFlow Lite XNNPACK delegate for CPU.
3월 22, 2024 11:51:21.540 INFO: Created TensorFlow Lite XNNPACK delegate for CPU.
3월 22, 2024 11:56:30.833 INFO: Created TensorFlow Lite XNNPACK delegate for CPU.
3월 22, 2024 11:57:22.113 INFO: Created TensorFlow Lite XNNPACK delegate for CPU.
3월 22, 2024 11:59:19.478 INFO: Created TensorFlow Lite XNNPACK delegate for CPU.
3월 22, 2024 12:05:43.297 INFO: Created TensorFlow Lite XNNPACK delegate for CPU.
3월 22, 2024 12:53:54.979 INFO: Created TensorFlow Lite XNNPACK delegate for CPU.
3월 22, 2024 13:00:26.11 INFO: Created TensorFlow Lite XNNPACK delegate for CPU.
3월 22, 2024 13:01:08.648 INFO: Created TensorFlow Lite XNNPACK delegate for CPU.
3월 22, 2024 13:12:58.168 INFO: Created TensorFlow Lite XNNPACK delegate for CPU.
3월 22, 2024 14:21:41.846 INFO: Created TensorFlow Lite XNNPACK delegate for CPU.
3월 22, 2024 14:46:04.892 INFO: Created TensorFlow Lite XNNPACK delegate for CPU.
3월 22, 2024 14:47:31.430 INFO: Created TensorFlow Lite XNNPACK delegate for CPU.
3월 22, 2024 14:52:28.705 INFO: Created TensorFlow Lite XNNPACK delegate for CPU.
3월 22, 2024 14:59:03.65 INFO: Created TensorFlow Lite XNNPACK delegate for CPU.
3월 22, 2024 15:01:41.997 INFO: Created TensorFlow Lite XNNPACK delegate for CPU.
3월 22, 2024 15:14:14.277 INFO: Created TensorFlow Lite XNNPACK delegate for CPU.
3월 22, 2024 15:21:07.630 INFO: Created TensorFlow Lite XNNPACK delegate for CPU.
3월 22, 2024 15:26:14.751 INFO: Created TensorFlow Lite XNNPACK delegate for CPU.
3월 22, 2024 15:30:29.708 INFO: Created TensorFlow Lite XNNPACK delegate for CPU.
3월 22, 2024 15:38:25.70 INFO: Created TensorFlow Lite XNNPACK delegate for CPU.
3월 22, 2024 15:44:31.375 INFO: Created TensorFlow Lite XNNPACK delegate for CPU.
3월 22, 2024 15:48:19.778 INFO: Created TensorFlow Lite XNNPACK delegate for CPU.
3월 22, 2024 16:27:18.672 INFO: Created TensorFlow Lite XNNPACK delegate for CPU.
3월 22, 2024 16:55:53.484 INFO: Created TensorFlow Lite XNNPACK delegate for CPU.
3월 22, 2024 17:09:18.482 INFO: Created TensorFlow Lite XNNPACK delegate for CPU.
3월 22, 2024 17:35:02.167 INFO: Created TensorFlow Lite XNNPACK delegate for CPU.
3월 22, 2024 17:37:18.617 INFO: Created TensorFlow Lite XNNPACK delegate for CPU.
3월 22, 2024 17:44:35.451 INFO: Created TensorFlow Lite XNNPACK delegate for CPU.
3월 22, 2024 17:45:07.195 INFO: Created TensorFlow Lite XNNPACK delegate for CPU.
3월 22, 2024 18:01:34.451 INFO: Created TensorFlow Lite XNNPACK delegate for CPU.
3월 22, 2024 18:09:17.602 INFO: Created TensorFlow Lite XNNPACK delegate for CPU.
3월 22, 2024 18:18:52.422 INFO: Created TensorFlow Lite XNNPACK delegate for CPU.
3월 22, 2024 18:23:35.620 INFO: Created TensorFlow Lite XNNPACK delegate for CPU.
3월 22, 2024 18:31:04.600 INFO: Created TensorFlow Lite XNNPACK delegate for CPU.
3월 22, 2024 18:47:08.627 INFO: Created TensorFlow Lite XNNPACK delegate for CPU.
3월 22, 2024 18:55:53.292 INFO: Created TensorFlow Lite XNNPACK delegate for CPU.
3월 22, 2024 19:07:02.469 INFO: Created TensorFlow Lite XNNPACK delegate for CPU.
3월 22, 2024 19:07:46.225 INFO: Created TensorFlow Lite XNNPACK delegate for CPU.
3월 22, 2024 19:10:26.245 INFO: Created TensorFlow Lite XNNPACK delegate for CPU.
3월 22, 2024 19:36:17.58 INFO: Created TensorFlow Lite XNNPACK delegate for CPU.
3월 22, 2024 19:54:06.867 INFO: Created TensorFlow Lite XNNPACK delegate for CPU.
3월 22, 2024 20:10:51.86 INFO: Created TensorFlow Lite XNNPACK delegate for CPU.
3월 22, 2024 20:12:23.392 INFO: Created TensorFlow Lite XNNPACK delegate for CPU.
3월 22, 2024 20:15:03.556 INFO: Created TensorFlow Lite XNNPACK delegate for CPU.
3월 22, 2024 21:45:22.865 INFO: Created TensorFlow Lite XNNPACK delegate for CPU.

3월 25, 2024 09:26:39.312 NEW SESSION
3월 25, 2024 09:26:39.313 INFO: Created TensorFlow Lite XNNPACK delegate for CPU.
3월 25, 2024 09:32:31.248 INFO: Created TensorFlow Lite XNNPACK delegate for CPU.
3월 25, 2024 09:43:05.368 INFO: Created TensorFlow Lite XNNPACK delegate for CPU.
3월 25, 2024 09:55:51.65 INFO: Created TensorFlow Lite XNNPACK delegate for CPU.
3월 25, 2024 10:01:44.551 INFO: Created TensorFlow Lite XNNPACK delegate for CPU.
3월 25, 2024 10:08:01.60 INFO: Created TensorFlow Lite XNNPACK delegate for CPU.
3월 25, 2024 10:21:29.979 INFO: Created TensorFlow Lite XNNPACK delegate for CPU.
3월 25, 2024 10:43:30.744 INFO: Created TensorFlow Lite XNNPACK delegate for CPU.
3월 25, 2024 10:44:37.734 INFO: Created TensorFlow Lite XNNPACK delegate for CPU.
3월 25, 2024 10:46:19.469 INFO: Created TensorFlow Lite XNNPACK delegate for CPU.
3월 25, 2024 11:44:24.325 INFO: Created TensorFlow Lite XNNPACK delegate for CPU.
3월 25, 2024 11:46:42.464 INFO: Created TensorFlow Lite XNNPACK delegate for CPU.
3월 25, 2024 11:47:35.737 INFO: Created TensorFlow Lite XNNPACK delegate for CPU.
3월 25, 2024 12:07:15.295 INFO: Created TensorFlow Lite XNNPACK delegate for CPU.
3월 25, 2024 12:29:19.884 INFO: Created TensorFlow Lite XNNPACK delegate for CPU.
3월 25, 2024 12:52:11.447 INFO: Created TensorFlow Lite XNNPACK delegate for CPU.
3월 25, 2024 12:56:28.73 INFO: Created TensorFlow Lite XNNPACK delegate for CPU.
3월 25, 2024 12:57:37.06 INFO: Created TensorFlow Lite XNNPACK delegate for CPU.
3월 25, 2024 12:59:02.630 INFO: Created TensorFlow Lite XNNPACK delegate for CPU.
3월 25, 2024 13:00:30.258 INFO: Created TensorFlow Lite XNNPACK delegate for CPU.
3월 25, 2024 13:37:04.04 INFO: Created TensorFlow Lite XNNPACK delegate for CPU.
3월 25, 2024 15:00:33.383 INFO: Created TensorFlow Lite XNNPACK delegate for CPU.
3월 25, 2024 15:02:43.595 INFO: Created TensorFlow Lite XNNPACK delegate for CPU.
3월 25, 2024 15:18:03.959 INFO: Created TensorFlow Lite XNNPACK delegate for CPU.
3월 25, 2024 15:18:54.356 INFO: Created TensorFlow Lite XNNPACK delegate for CPU.
3월 25, 2024 15:19:51.75 INFO: Created TensorFlow Lite XNNPACK delegate for CPU.

3월 25, 2024 16:39:15.347 NEW SESSION
3월 25, 2024 16:39:15.347 INFO: Created TensorFlow Lite XNNPACK delegate for CPU.
3월 25, 2024 16:40:43.927 INFO: Created TensorFlow Lite XNNPACK delegate for CPU.
3월 25, 2024 16:41:41.538 INFO: Created TensorFlow Lite XNNPACK delegate for CPU.
3월 25, 2024 16:44:55.230 INFO: Created TensorFlow Lite XNNPACK delegate for CPU.
3월 25, 2024 16:45:57.560 INFO: Created TensorFlow Lite XNNPACK delegate for CPU.
3월 25, 2024 16:59:31.430 INFO: Created TensorFlow Lite XNNPACK delegate for CPU.
3월 25, 2024 17:01:01.619 INFO: Created TensorFlow Lite XNNPACK delegate for CPU.

3월 25, 2024 17:04:03.692 NEW SESSION
3월 25, 2024 17:04:03.692 INFO: Created TensorFlow Lite XNNPACK delegate for CPU.
3월 25, 2024 17:04:56.468 INFO: Created TensorFlow Lite XNNPACK delegate for CPU.
3월 25, 2024 17:08:46.12 INFO: Created TensorFlow Lite XNNPACK delegate for CPU.
3월 25, 2024 17:12:27.21 INFO: Created TensorFlow Lite XNNPACK delegate for CPU.
3월 25, 2024 17:15:50.787 INFO: Created TensorFlow Lite XNNPACK delegate for CPU.
3월 25, 2024 17:18:59.451 INFO: Created TensorFlow Lite XNNPACK delegate for CPU.
3월 25, 2024 17:46:11.915 [14740:9616:0325/174611.914:ERROR:device_event_log_impl.cc(192)] [17:46:11.914] Bluetooth: bluetooth_adapter_winrt.cc:1058 Getting Default Adapter failed.
3월 25, 2024 17:57:00.486 INFO: Created TensorFlow Lite XNNPACK delegate for CPU.
3월 25, 2024 18:04:53.835 INFO: Created TensorFlow Lite XNNPACK delegate for CPU.

3월 25, 2024 18:11:09.159 NEW SESSION
3월 25, 2024 18:11:09.159 INFO: Created TensorFlow Lite XNNPACK delegate for CPU.
3월 25, 2024 18:12:45.83 INFO: Created TensorFlow Lite XNNPACK delegate for CPU.
3월 25, 2024 18:15:45.42 INFO: Created TensorFlow Lite XNNPACK delegate for CPU.

3월 26, 2024 09:57:54.616 NEW SESSION
3월 26, 2024 09:57:54.616 INFO: Created TensorFlow Lite XNNPACK delegate for CPU.
3월 26, 2024 10:45:54.86 INFO: Created TensorFlow Lite XNNPACK delegate for CPU.
3월 26, 2024 10:50:16.548 INFO: Created TensorFlow Lite XNNPACK delegate for CPU.
3월 26, 2024 10:51:31.911 INFO: Created TensorFlow Lite XNNPACK delegate for CPU.
3월 26, 2024 10:52:18.403 INFO: Created TensorFlow Lite XNNPACK delegate for CPU.
3월 26, 2024 10:53:54.837 INFO: Created TensorFlow Lite XNNPACK delegate for CPU.
3월 26, 2024 10:54:58.382 INFO: Created TensorFlow Lite XNNPACK delegate for CPU.
3월 26, 2024 10:55:30.908 INFO: Created TensorFlow Lite XNNPACK delegate for CPU.
3월 26, 2024 11:08:19.307 INFO: Created TensorFlow Lite XNNPACK delegate for CPU.
3월 26, 2024 11:15:37.209 INFO: Created TensorFlow Lite XNNPACK delegate for CPU.
3월 26, 2024 11:49:59.53 INFO: Created TensorFlow Lite XNNPACK delegate for CPU.
3월 26, 2024 11:53:21.976 INFO: Created TensorFlow Lite XNNPACK delegate for CPU.
3월 26, 2024 12:14:49.784 INFO: Created TensorFlow Lite XNNPACK delegate for CPU.
3월 26, 2024 12:49:00.267 INFO: Created TensorFlow Lite XNNPACK delegate for CPU.
3월 26, 2024 13:00:06.304 INFO: Created TensorFlow Lite XNNPACK delegate for CPU.
3월 26, 2024 13:11:06.388 INFO: Created TensorFlow Lite XNNPACK delegate for CPU.
3월 26, 2024 14:20:40.325 INFO: Created TensorFlow Lite XNNPACK delegate for CPU.
3월 26, 2024 15:16:30.371 INFO: Created TensorFlow Lite XNNPACK delegate for CPU.
3월 26, 2024 15:17:56.88 INFO: Created TensorFlow Lite XNNPACK delegate for CPU.
3월 26, 2024 15:18:51.968 INFO: Created TensorFlow Lite XNNPACK delegate for CPU.
3월 26, 2024 15:36:11.802 INFO: Created TensorFlow Lite XNNPACK delegate for CPU.
3월 26, 2024 15:38:37.414 INFO: Created TensorFlow Lite XNNPACK delegate for CPU.
3월 26, 2024 15:39:27.140 INFO: Created TensorFlow Lite XNNPACK delegate for CPU.
3월 26, 2024 15:47:10.269 INFO: Created TensorFlow Lite XNNPACK delegate for CPU.
3월 26, 2024 15:56:24.819 INFO: Created TensorFlow Lite XNNPACK delegate for CPU.
3월 26, 2024 16:12:54.345 INFO: Created TensorFlow Lite XNNPACK delegate for CPU.
3월 26, 2024 16:13:25.124 INFO: Created TensorFlow Lite XNNPACK delegate for CPU.
3월 26, 2024 16:31:04.200 INFO: Created TensorFlow Lite XNNPACK delegate for CPU.
3월 26, 2024 17:33:53.295 INFO: Created TensorFlow Lite XNNPACK delegate for CPU.
3월 26, 2024 17:45:38.857 INFO: Created TensorFlow Lite XNNPACK delegate for CPU.
3월 26, 2024 17:47:27.869 INFO: Created TensorFlow Lite XNNPACK delegate for CPU.
3월 26, 2024 17:48:03.950 INFO: Created TensorFlow Lite XNNPACK delegate for CPU.
3월 26, 2024 17:59:13.330 INFO: Created TensorFlow Lite XNNPACK delegate for CPU.
3월 26, 2024 18:12:44.127 INFO: Created TensorFlow Lite XNNPACK delegate for CPU.
3월 26, 2024 18:19:45.561 INFO: Created TensorFlow Lite XNNPACK delegate for CPU.

3월 27, 2024 10:12:41.738 NEW SESSION
3월 27, 2024 10:12:41.738 INFO: Created TensorFlow Lite XNNPACK delegate for CPU.
3월 27, 2024 10:15:36.484 INFO: Created TensorFlow Lite XNNPACK delegate for CPU.
3월 27, 2024 10:37:08.66 INFO: Created TensorFlow Lite XNNPACK delegate for CPU.
3월 27, 2024 11:01:04.67 INFO: Created TensorFlow Lite XNNPACK delegate for CPU.
3월 27, 2024 11:01:51.676 INFO: Created TensorFlow Lite XNNPACK delegate for CPU.
3월 27, 2024 11:21:09.568 INFO: Created TensorFlow Lite XNNPACK delegate for CPU.
3월 27, 2024 11:50:23.335 INFO: Created TensorFlow Lite XNNPACK delegate for CPU.
3월 27, 2024 12:05:45.429 INFO: Created TensorFlow Lite XNNPACK delegate for CPU.
3월 27, 2024 12:11:15.587 INFO: Created TensorFlow Lite XNNPACK delegate for CPU.
3월 27, 2024 12:16:41.569 INFO: Created TensorFlow Lite XNNPACK delegate for CPU.
3월 27, 2024 13:13:06.311 INFO: Created TensorFlow Lite XNNPACK delegate for CPU.
3월 27, 2024 13:16:48.935 INFO: Created TensorFlow Lite XNNPACK delegate for CPU.
3월 27, 2024 15:43:21.204 INFO: Created TensorFlow Lite XNNPACK delegate for CPU.
3월 27, 2024 15:49:10.330 INFO: Created TensorFlow Lite XNNPACK delegate for CPU.
3월 27, 2024 17:03:26.315 INFO: Created TensorFlow Lite XNNPACK delegate for CPU.
3월 27, 2024 17:11:40.87 INFO: Created TensorFlow Lite XNNPACK delegate for CPU.
3월 27, 2024 17:18:56.966 INFO: Created TensorFlow Lite XNNPACK delegate for CPU.
3월 27, 2024 17:30:10.11 INFO: Created TensorFlow Lite XNNPACK delegate for CPU.

3월 28, 2024 14:24:31.774 NEW SESSION
3월 28, 2024 14:24:31.774 INFO: Created TensorFlow Lite XNNPACK delegate for CPU.
3월 28, 2024 14:27:35.649 INFO: Created TensorFlow Lite XNNPACK delegate for CPU.
3월 28, 2024 14:32:14.893 INFO: Created TensorFlow Lite XNNPACK delegate for CPU.
3월 28, 2024 14:33:22.961 INFO: Created TensorFlow Lite XNNPACK delegate for CPU.
3월 28, 2024 14:36:53.631 INFO: Created TensorFlow Lite XNNPACK delegate for CPU.
3월 28, 2024 14:45:38.364 INFO: Created TensorFlow Lite XNNPACK delegate for CPU.
3월 28, 2024 15:04:29.771 INFO: Created TensorFlow Lite XNNPACK delegate for CPU.
3월 28, 2024 15:05:33.880 INFO: Created TensorFlow Lite XNNPACK delegate for CPU.
3월 28, 2024 15:07:03.418 INFO: Created TensorFlow Lite XNNPACK delegate for CPU.

3월 28, 2024 15:12:26.618 NEW SESSION
3월 28, 2024 15:12:26.618 INFO: Created TensorFlow Lite XNNPACK delegate for CPU.
3월 28, 2024 15:28:47.505 INFO: Created TensorFlow Lite XNNPACK delegate for CPU.
3월 28, 2024 15:29:38.504 INFO: Created TensorFlow Lite XNNPACK delegate for CPU.
3월 28, 2024 15:36:00.699 INFO: Created TensorFlow Lite XNNPACK delegate for CPU.
3월 28, 2024 15:39:27.612 INFO: Created TensorFlow Lite XNNPACK delegate for CPU.
3월 28, 2024 15:54:48.789 INFO: Created TensorFlow Lite XNNPACK delegate for CPU.
3월 28, 2024 16:01:08.596 INFO: Created TensorFlow Lite XNNPACK delegate for CPU.
3월 28, 2024 16:06:39.44 INFO: Created TensorFlow Lite XNNPACK delegate for CPU.
3월 28, 2024 16:32:48.354 INFO: Created TensorFlow Lite XNNPACK delegate for CPU.
3월 28, 2024 16:34:14.861 INFO: Created TensorFlow Lite XNNPACK delegate for CPU.
3월 28, 2024 16:35:54.788 INFO: Created TensorFlow Lite XNNPACK delegate for CPU.
3월 28, 2024 16:55:38.479 INFO: Created TensorFlow Lite XNNPACK delegate for CPU.
3월 28, 2024 17:38:07.919 INFO: Created TensorFlow Lite XNNPACK delegate for CPU.
3월 28, 2024 17:38:34.758 INFO: Created TensorFlow Lite XNNPACK delegate for CPU.
3월 28, 2024 17:42:57.168 INFO: Created TensorFlow Lite XNNPACK delegate for CPU.
3월 28, 2024 17:46:53.206 INFO: Created TensorFlow Lite XNNPACK delegate for CPU.
3월 28, 2024 17:47:09.675 INFO: Created TensorFlow Lite XNNPACK delegate for CPU.
3월 28, 2024 17:47:41.727 INFO: Created TensorFlow Lite XNNPACK delegate for CPU.
3월 28, 2024 17:52:05.410 INFO: Created TensorFlow Lite XNNPACK delegate for CPU.
3월 28, 2024 17:53:50.798 INFO: Created TensorFlow Lite XNNPACK delegate for CPU.
3월 28, 2024 18:14:52.861 INFO: Created TensorFlow Lite XNNPACK delegate for CPU.
3월 28, 2024 18:31:18.214 INFO: Created TensorFlow Lite XNNPACK delegate for CPU.
3월 28, 2024 19:04:10.615 [5144:13844:0328/190410.615:ERROR:connection_factory_impl.cc(434)] Failed to connect to MCS endpoint with error -106
3월 28, 2024 19:18:48.661 INFO: Created TensorFlow Lite XNNPACK delegate for CPU.
3월 28, 2024 19:36:02.262 INFO: Created TensorFlow Lite XNNPACK delegate for CPU.
3월 28, 2024 19:36:52.261 [7016:16844:0328/193652.261:ERROR:connection_factory_impl.cc(434)] Failed to connect to MCS endpoint with error -106

3월 29, 2024 11:01:56.651 NEW SESSION
3월 29, 2024 11:01:56.651 INFO: Created TensorFlow Lite XNNPACK delegate for CPU.
3월 29, 2024 11:05:19.811 INFO: Created TensorFlow Lite XNNPACK delegate for CPU.
3월 29, 2024 11:07:13.564 INFO: Created TensorFlow Lite XNNPACK delegate for CPU.
3월 29, 2024 11:08:01.151 INFO: Created TensorFlow Lite XNNPACK delegate for CPU.
3월 29, 2024 11:09:05.498 INFO: Created TensorFlow Lite XNNPACK delegate for CPU.
3월 29, 2024 11:41:16.310 INFO: Created TensorFlow Lite XNNPACK delegate for CPU.
3월 29, 2024 13:09:58.843 INFO: Created TensorFlow Lite XNNPACK delegate for CPU.
3월 29, 2024 13:12:06.749 INFO: Created TensorFlow Lite XNNPACK delegate for CPU.
3월 29, 2024 13:19:01.130 [6240:10740:0329/131901.130:ERROR:connection_factory_impl.cc(434)] Failed to connect to MCS endpoint with error -106
3월 29, 2024 13:19:01.248 INFO: Created TensorFlow Lite XNNPACK delegate for CPU.
3월 29, 2024 14:04:41.302 [6240:10740:0329/140441.301:ERROR:connection_factory_impl.cc(483)] ConnectionHandler failed with net error: -2
3월 29, 2024 14:04:59.429 [6240:10740:0329/140459.429:ERROR:connection_factory_impl.cc(434)] Failed to connect to MCS endpoint with error -105
3월 29, 2024 14:05:44.385 [6240:10740:0329/140544.384:ERROR:connection_factory_impl.cc(434)] Failed to connect to MCS endpoint with error -105
3월 29, 2024 14:48:59.962 INFO: Created TensorFlow Lite XNNPACK delegate for CPU.
3월 29, 2024 15:46:31.471 INFO: Created TensorFlow Lite XNNPACK delegate for CPU.
3월 29, 2024 16:16:45.145 INFO: Created TensorFlow Lite XNNPACK delegate for CPU.
3월 29, 2024 16:35:34.109 INFO: Created TensorFlow Lite XNNPACK delegate for CPU.
3월 29, 2024 16:37:36.317 [6356:7324:0329/163736.317:ERROR:connection_factory_impl.cc(434)] Failed to connect to MCS endpoint with error -106
3월 29, 2024 16:48:34.788 INFO: Created TensorFlow Lite XNNPACK delegate for CPU.
3월 29, 2024 16:48:51.806 [16272:8716:0329/164851.806:ERROR:get_updates_processor.cc(263)] PostClientToServerMessage() failed during GetUpdates with error Network error (ERR_NAME_NOT_RESOLVED)
3월 29, 2024 16:49:06.100 [16272:14908:0329/164906.099:ERROR:connection_factory_impl.cc(434)] Failed to connect to MCS endpoint with error -7
3월 29, 2024 16:49:34.725 [16272:14908:0329/164934.725:ERROR:connection_factory_impl.cc(434)] Failed to connect to MCS endpoint with error -106
3월 29, 2024 16:49:41.239 [16272:14908:0329/164941.239:ERROR:connection_factory_impl.cc(434)] Failed to connect to MCS endpoint with error -105
3월 29, 2024 16:49:43.837 [16272:14908:0329/164943.837:ERROR:connection_factory_impl.cc(434)] Failed to connect to MCS endpoint with error -106
3월 29, 2024 16:52:56.253 INFO: Created TensorFlow Lite XNNPACK delegate for CPU.
3월 29, 2024 16:53:29.241 [6584:8104:0329/165329.241:ERROR:connection_factory_impl.cc(434)] Failed to connect to MCS endpoint with error -7
3월 29, 2024 16:54:27.512 [6584:8104:0329/165427.512:ERROR:connection_factory_impl.cc(434)] Failed to connect to MCS endpoint with error -7
3월 29, 2024 16:55:08.822 [6584:8104:0329/165508.821:ERROR:connection_factory_impl.cc(434)] Failed to connect to MCS endpoint with error -106
3월 29, 2024 16:55:25.332 INFO: Created TensorFlow Lite XNNPACK delegate for CPU.
3월 29, 2024 16:55:59.375 [6260:9920:0329/165559.375:ERROR:connection_factory_impl.cc(434)] Failed to connect to MCS endpoint with error -7
3월 29, 2024 16:56:23.504 [6260:9920:0329/165623.503:ERROR:connection_factory_impl.cc(434)] Failed to connect to MCS endpoint with error -105
3월 29, 2024 16:56:25.537 [6260:8004:0329/165625.537:ERROR:get_updates_processor.cc(263)] PostClientToServerMessage() failed during GetUpdates with error Network error (ERR_INTERNET_DISCONNECTED)
3월 29, 2024 16:57:06.307 [6260:9920:0329/165706.306:ERROR:connection_factory_impl.cc(434)] Failed to connect to MCS endpoint with error -106
3월 29, 2024 16:57:47.322 [6260:9920:0329/165747.321:ERROR:connection_factory_impl.cc(434)] Failed to connect to MCS endpoint with error -7
3월 29, 2024 17:00:26.245 INFO: Created TensorFlow Lite XNNPACK delegate for CPU.
3월 29, 2024 17:00:36.187 [10964:6616:0329/170036.187:ERROR:get_updates_processor.cc(263)] PostClientToServerMessage() failed during GetUpdates with error Network error (ERR_QUIC_PROTOCOL_ERROR)
3월 29, 2024 17:01:00.225 [10964:8240:0329/170100.225:ERROR:connection_factory_impl.cc(434)] Failed to connect to MCS endpoint with error -7
3월 29, 2024 17:01:43.352 [10964:8240:0329/170143.351:ERROR:connection_factory_impl.cc(434)] Failed to connect to MCS endpoint with error -7
3월 29, 2024 17:03:10.65 [10964:8240:0329/170310.064:ERROR:connection_factory_impl.cc(434)] Failed to connect to MCS endpoint with error -7
3월 29, 2024 17:03:46.988 INFO: Created TensorFlow Lite XNNPACK delegate for CPU.
3월 29, 2024 17:04:07.66 [9308:17112:0329/170407.066:ERROR:connection_factory_impl.cc(434)] Failed to connect to MCS endpoint with error -105
3월 29, 2024 17:04:33.847 [9308:17112:0329/170433.846:ERROR:connection_factory_impl.cc(434)] Failed to connect to MCS endpoint with error -105
3월 29, 2024 17:05:20.889 [9308:17112:0329/170520.889:ERROR:connection_factory_impl.cc(434)] Failed to connect to MCS endpoint with error -106
3월 29, 2024 17:06:47.820 [9308:17112:0329/170647.819:ERROR:connection_factory_impl.cc(434)] Failed to connect to MCS endpoint with error -106
3월 29, 2024 17:10:30.668 [9308:17112:0329/171030.668:ERROR:connection_factory_impl.cc(434)] Failed to connect to MCS endpoint with error -106
3월 29, 2024 17:16:08.612 [9308:17112:0329/171608.612:ERROR:connection_factory_impl.cc(434)] Failed to connect to MCS endpoint with error -106
3월 29, 2024 17:26:08.631 [9308:17112:0329/172608.631:ERROR:connection_factory_impl.cc(434)] Failed to connect to MCS endpoint with error -106
3월 29, 2024 17:31:14.66 [9308:15060:0329/173114.066:ERROR:interface_endpoint_client.cc(707)] Message 0 rejected by interface blink.mojom.WidgetHost
3월 29, 2024 18:24:12.354 INFO: Created TensorFlow Lite XNNPACK delegate for CPU.

4월 01, 2024 09:36:25.738 NEW SESSION
4월 01, 2024 09:36:25.738 INFO: Created TensorFlow Lite XNNPACK delegate for CPU.
4월 01, 2024 09:38:04.739 INFO: Created TensorFlow Lite XNNPACK delegate for CPU.
4월 01, 2024 10:17:36.158 INFO: Created TensorFlow Lite XNNPACK delegate for CPU.
4월 01, 2024 10:22:56.757 INFO: Created TensorFlow Lite XNNPACK delegate for CPU.
4월 01, 2024 10:25:28.13 INFO: Created TensorFlow Lite XNNPACK delegate for CPU.
4월 01, 2024 10:39:28.926 INFO: Created TensorFlow Lite XNNPACK delegate for CPU.
4월 01, 2024 10:53:01.49 INFO: Created TensorFlow Lite XNNPACK delegate for CPU.
4월 01, 2024 10:55:16.605 INFO: Created TensorFlow Lite XNNPACK delegate for CPU.
4월 01, 2024 11:03:17.433 INFO: Created TensorFlow Lite XNNPACK delegate for CPU.
4월 01, 2024 11:08:05.233 INFO: Created TensorFlow Lite XNNPACK delegate for CPU.
4월 01, 2024 11:14:59.692 INFO: Created TensorFlow Lite XNNPACK delegate for CPU.
4월 01, 2024 12:09:31.345 INFO: Created TensorFlow Lite XNNPACK delegate for CPU.
4월 01, 2024 12:14:02.259 INFO: Created TensorFlow Lite XNNPACK delegate for CPU.
4월 01, 2024 12:26:45.136 INFO: Created TensorFlow Lite XNNPACK delegate for CPU.
4월 01, 2024 12:37:29.384 INFO: Created TensorFlow Lite XNNPACK delegate for CPU.
4월 01, 2024 12:51:15.359 INFO: Created TensorFlow Lite XNNPACK delegate for CPU.

4월 01, 2024 12:58:42.279 NEW SESSION
4월 01, 2024 12:58:42.279 INFO: Created TensorFlow Lite XNNPACK delegate for CPU.
4월 01, 2024 13:00:23.18 INFO: Created TensorFlow Lite XNNPACK delegate for CPU.
4월 01, 2024 13:10:33.496 INFO: Created TensorFlow Lite XNNPACK delegate for CPU.
4월 01, 2024 15:05:08.668 INFO: Created TensorFlow Lite XNNPACK delegate for CPU.

4월 01, 2024 15:38:04.522 NEW SESSION
4월 01, 2024 15:38:04.522 INFO: Created TensorFlow Lite XNNPACK delegate for CPU.
4월 01, 2024 15:45:11.720 INFO: Created TensorFlow Lite XNNPACK delegate for CPU.
4월 01, 2024 15:45:56.942 INFO: Created TensorFlow Lite XNNPACK delegate for CPU.
4월 01, 2024 15:56:55.31 INFO: Created TensorFlow Lite XNNPACK delegate for CPU.
4월 01, 2024 16:05:36.705 INFO: Created TensorFlow Lite XNNPACK delegate for CPU.
4월 01, 2024 16:07:08.06 INFO: Created TensorFlow Lite XNNPACK delegate for CPU.

4월 01, 2024 16:16:08.618 NEW SESSION
4월 01, 2024 16:16:08.618 INFO: Created TensorFlow Lite XNNPACK delegate for CPU.
4월 01, 2024 16:17:49.617 INFO: Created TensorFlow Lite XNNPACK delegate for CPU.
4월 01, 2024 16:18:59.766 INFO: Created TensorFlow Lite XNNPACK delegate for CPU.
4월 01, 2024 16:26:17.55 INFO: Created TensorFlow Lite XNNPACK delegate for CPU.

4월 02, 2024 09:35:44.477 NEW SESSION
4월 02, 2024 09:35:44.477 INFO: Created TensorFlow Lite XNNPACK delegate for CPU.
4월 02, 2024 09:47:20.28 INFO: Created TensorFlow Lite XNNPACK delegate for CPU.
4월 02, 2024 10:00:33.937 INFO: Created TensorFlow Lite XNNPACK delegate for CPU.
4월 02, 2024 10:17:00.591 INFO: Created TensorFlow Lite XNNPACK delegate for CPU.
4월 02, 2024 10:35:21.101 INFO: Created TensorFlow Lite XNNPACK delegate for CPU.
4월 02, 2024 10:50:33.71 INFO: Created TensorFlow Lite XNNPACK delegate for CPU.
4월 02, 2024 12:13:59.523 INFO: Created TensorFlow Lite XNNPACK delegate for CPU.
4월 02, 2024 12:16:06.43 INFO: Created TensorFlow Lite XNNPACK delegate for CPU.
4월 02, 2024 12:19:03.234 INFO: Created TensorFlow Lite XNNPACK delegate for CPU.
4월 02, 2024 12:29:21.912 [11112:17496:0402/122921.912:ERROR:interface_endpoint_client.cc(707)] Message 0 rejected by interface blink.mojom.WidgetHost
4월 02, 2024 12:41:35.867 INFO: Created TensorFlow Lite XNNPACK delegate for CPU.
4월 02, 2024 12:47:58.701 INFO: Created TensorFlow Lite XNNPACK delegate for CPU.
4월 02, 2024 14:20:03.306 INFO: Created TensorFlow Lite XNNPACK delegate for CPU.
4월 02, 2024 14:26:11.413 INFO: Created TensorFlow Lite XNNPACK delegate for CPU.
4월 02, 2024 14:27:51.909 INFO: Created TensorFlow Lite XNNPACK delegate for CPU.
4월 02, 2024 14:35:01.961 INFO: Created TensorFlow Lite XNNPACK delegate for CPU.
4월 02, 2024 14:58:40.107 INFO: Created TensorFlow Lite XNNPACK delegate for CPU.
4월 02, 2024 15:43:38.427 INFO: Created TensorFlow Lite XNNPACK delegate for CPU.
4월 02, 2024 16:06:05.214 INFO: Created TensorFlow Lite XNNPACK delegate for CPU.
4월 02, 2024 16:17:42.177 INFO: Created TensorFlow Lite XNNPACK delegate for CPU.
4월 02, 2024 16:20:18.519 INFO: Created TensorFlow Lite XNNPACK delegate for CPU.

4월 03, 2024 09:35:26.265 NEW SESSION
4월 03, 2024 09:35:26.265 INFO: Created TensorFlow Lite XNNPACK delegate for CPU.
4월 03, 2024 09:55:28.338 INFO: Created TensorFlow Lite XNNPACK delegate for CPU.
4월 03, 2024 09:56:17.70 [8876:12248:0403/095617.069:ERROR:interface_endpoint_client.cc(707)] Message 1 rejected by interface blink.mojom.WidgetHost
4월 03, 2024 10:12:01.737 INFO: Created TensorFlow Lite XNNPACK delegate for CPU.
4월 03, 2024 11:49:25.935 INFO: Created TensorFlow Lite XNNPACK delegate for CPU.
4월 03, 2024 15:19:47.419 INFO: Created TensorFlow Lite XNNPACK delegate for CPU.
4월 03, 2024 16:43:47.575 INFO: Created TensorFlow Lite XNNPACK delegate for CPU.
4월 03, 2024 16:44:03.89 [3780:10796:0403/164403.089:ERROR:interface_endpoint_client.cc(707)] Message 0 rejected by interface blink.mojom.WidgetHost
4월 03, 2024 16:46:08.687 [3780:10796:0403/164608.687:ERROR:interface_endpoint_client.cc(707)] Message 0 rejected by interface blink.mojom.WidgetHost
4월 03, 2024 16:46:14.359 [3780:10796:0403/164614.358:ERROR:interface_endpoint_client.cc(707)] Message 0 rejected by interface blink.mojom.WidgetHost
4월 03, 2024 17:24:41.609 INFO: Created TensorFlow Lite XNNPACK delegate for CPU.
4월 03, 2024 17:24:57.133 [12912:6356:0403/172457.132:ERROR:interface_endpoint_client.cc(707)] Message 0 rejected by interface blink.mojom.WidgetHost
4월 03, 2024 17:25:02.157 [12912:6356:0403/172502.157:ERROR:interface_endpoint_client.cc(707)] Message 0 rejected by interface blink.mojom.WidgetHost
4월 03, 2024 17:25:17.918 [12912:6356:0403/172517.917:ERROR:interface_endpoint_client.cc(707)] Message 0 rejected by interface blink.mojom.WidgetHost
4월 03, 2024 17:25:28.352 [12912:6356:0403/172528.352:ERROR:interface_endpoint_client.cc(707)] Message 0 rejected by interface blink.mojom.WidgetHost
4월 03, 2024 17:25:30.211 [12912:6356:0403/172530.211:ERROR:interface_endpoint_client.cc(707)] Message 0 rejected by interface blink.mojom.WidgetHost
4월 03, 2024 17:30:17.654 [12912:6356:0403/173017.654:ERROR:interface_endpoint_client.cc(707)] Message 0 rejected by interface blink.mojom.WidgetHost
4월 03, 2024 17:30:58.520 [12912:6356:0403/173058.519:ERROR:interface_endpoint_client.cc(707)] Message 0 rejected by interface blink.mojom.WidgetHost
4월 03, 2024 17:33:10.433 [12912:6356:0403/173310.433:ERROR:interface_endpoint_client.cc(707)] Message 0 rejected by interface blink.mojom.WidgetHost
4월 03, 2024 17:35:48.294 [12912:6356:0403/173548.294:ERROR:interface_endpoint_client.cc(707)] Message 0 rejected by interface blink.mojom.WidgetHost
4월 03, 2024 17:35:54.181 [12912:6356:0403/173554.181:ERROR:interface_endpoint_client.cc(707)] Message 0 rejected by interface blink.mojom.WidgetHost
4월 03, 2024 17:40:04.775 [12912:6356:0403/174004.775:ERROR:interface_endpoint_client.cc(707)] Message 0 rejected by interface blink.mojom.WidgetHost
4월 03, 2024 17:55:06.308 INFO: Created TensorFlow Lite XNNPACK delegate for CPU.
4월 03, 2024 17:59:25.481 INFO: Created TensorFlow Lite XNNPACK delegate for CPU.
4월 03, 2024 18:00:37.979 INFO: Created TensorFlow Lite XNNPACK delegate for CPU.
4월 03, 2024 18:01:13.683 [10428:1772:0403/180113.683:ERROR:interface_endpoint_client.cc(707)] Message 0 rejected by interface blink.mojom.WidgetHost
4월 03, 2024 18:05:56.658 INFO: Created TensorFlow Lite XNNPACK delegate for CPU.
4월 03, 2024 18:06:24.478 [7048:12916:0403/180624.477:ERROR:interface_endpoint_client.cc(707)] Message 0 rejected by interface blink.mojom.WidgetHost

4월 03, 2024 18:54:33.225 NEW SESSION
4월 03, 2024 18:54:33.225 INFO: Created TensorFlow Lite XNNPACK delegate for CPU.
4월 03, 2024 18:54:38.895 [1332:8996:0403/185438.894:ERROR:interface_endpoint_client.cc(707)] Message 0 rejected by interface blink.mojom.WidgetHost
4월 03, 2024 18:54:43.684 [1332:8996:0403/185443.684:ERROR:interface_endpoint_client.cc(707)] Message 0 rejected by interface blink.mojom.WidgetHost
4월 03, 2024 18:55:03.606 [1332:8996:0403/185503.606:ERROR:interface_endpoint_client.cc(707)] Message 0 rejected by interface blink.mojom.WidgetHost

4월 04, 2024 10:29:42.735 NEW SESSION
4월 04, 2024 10:29:42.735 INFO: Created TensorFlow Lite XNNPACK delegate for CPU.
4월 04, 2024 10:50:27.739 INFO: Created TensorFlow Lite XNNPACK delegate for CPU.
4월 04, 2024 10:51:46.824 INFO: Created TensorFlow Lite XNNPACK delegate for CPU.
4월 04, 2024 10:58:11.20 INFO: Created TensorFlow Lite XNNPACK delegate for CPU.
4월 04, 2024 10:59:28.346 INFO: Created TensorFlow Lite XNNPACK delegate for CPU.

4월 05, 2024 10:12:07.491 NEW SESSION
4월 05, 2024 10:12:07.491 INFO: Created TensorFlow Lite XNNPACK delegate for CPU.
4월 05, 2024 10:19:40.301 INFO: Created TensorFlow Lite XNNPACK delegate for CPU.
4월 05, 2024 15:16:37.460 INFO: Created TensorFlow Lite XNNPACK delegate for CPU.
4월 05, 2024 15:39:42.534 INFO: Created TensorFlow Lite XNNPACK delegate for CPU.
4월 05, 2024 15:49:53.648 INFO: Created TensorFlow Lite XNNPACK delegate for CPU.

4월 05, 2024 15:56:37.338 NEW SESSION
4월 05, 2024 15:56:37.338 INFO: Created TensorFlow Lite XNNPACK delegate for CPU.
4월 05, 2024 16:03:25.383 INFO: Created TensorFlow Lite XNNPACK delegate for CPU.
4월 05, 2024 16:06:20.987 INFO: Created TensorFlow Lite XNNPACK delegate for CPU.
4월 05, 2024 16:12:29.683 INFO: Created TensorFlow Lite XNNPACK delegate for CPU.
4월 05, 2024 16:57:23.765 INFO: Created TensorFlow Lite XNNPACK delegate for CPU.

4월 08, 2024 09:22:20.744 NEW SESSION
4월 08, 2024 09:22:20.744 [5924:16100:0408/092220.743:ERROR:account_info_fetcher.cc(62)] OnGetTokenFailure: Invalid credentials (credentials rejected by server).
4월 08, 2024 09:23:00.384 INFO: Created TensorFlow Lite XNNPACK delegate for CPU.
4월 08, 2024 10:15:48.827 INFO: Created TensorFlow Lite XNNPACK delegate for CPU.
4월 08, 2024 10:35:52.167 INFO: Created TensorFlow Lite XNNPACK delegate for CPU.
4월 08, 2024 11:40:47.370 INFO: Created TensorFlow Lite XNNPACK delegate for CPU.
4월 08, 2024 12:38:20.47 [12420:7288:0408/123820.047:ERROR:CONSOLE(1)] "Request Overlay.highlightNode failed. {"code":-32600,"message":"The node's document is not active"}", source: devtools://devtools/bundled/devtools-frontend/front_end/core/protocol_client/protocol_client.js (1)
4월 08, 2024 12:38:21.311 [12420:7288:0408/123821.311:ERROR:CONSOLE(1)] "Request Overlay.highlightNode failed. {"code":-32600,"message":"The node's document is not active"}", source: devtools://devtools/bundled/devtools-frontend/front_end/core/protocol_client/protocol_client.js (1)
4월 08, 2024 12:38:22.918 [12420:7288:0408/123822.918:ERROR:CONSOLE(1)] "Request Overlay.highlightNode failed. {"code":-32600,"message":"The node's document is not active"}", source: devtools://devtools/bundled/devtools-frontend/front_end/core/protocol_client/protocol_client.js (1)
4월 08, 2024 12:38:23.235 [12420:7288:0408/123823.235:ERROR:CONSOLE(1)] "Request Overlay.highlightNode failed. {"code":-32600,"message":"The node's document is not active"}", source: devtools://devtools/bundled/devtools-frontend/front_end/core/protocol_client/protocol_client.js (1)
4월 08, 2024 12:38:23.263 [12420:7288:0408/123823.263:ERROR:CONSOLE(1)] "Request Overlay.highlightNode failed. {"code":-32600,"message":"The node's document is not active"}", source: devtools://devtools/bundled/devtools-frontend/front_end/core/protocol_client/protocol_client.js (1)
4월 08, 2024 12:38:23.468 [12420:7288:0408/123823.468:ERROR:CONSOLE(1)] "Request Overlay.highlightNode failed. {"code":-32600,"message":"The node's document is not active"}", source: devtools://devtools/bundled/devtools-frontend/front_end/core/protocol_client/protocol_client.js (1)
4월 08, 2024 12:38:24.231 [12420:7288:0408/123824.231:ERROR:CONSOLE(1)] "Request Overlay.highlightNode failed. {"code":-32600,"message":"The node's document is not active"}", source: devtools://devtools/bundled/devtools-frontend/front_end/core/protocol_client/protocol_client.js (1)
4월 08, 2024 12:38:24.368 [12420:7288:0408/123824.368:ERROR:CONSOLE(1)] "Request Overlay.highlightNode failed. {"code":-32600,"message":"The node's document is not active"}", source: devtools://devtools/bundled/devtools-frontend/front_end/core/protocol_client/protocol_client.js (1)
4월 08, 2024 12:38:24.447 [12420:7288:0408/123824.447:ERROR:CONSOLE(1)] "Request Overlay.highlightNode failed. {"code":-32600,"message":"The node's document is not active"}", source: devtools://devtools/bundled/devtools-frontend/front_end/core/protocol_client/protocol_client.js (1)
4월 08, 2024 12:38:24.678 [12420:7288:0408/123824.678:ERROR:CONSOLE(1)] "Request Overlay.highlightNode failed. {"code":-32600,"message":"The node's document is not active"}", source: devtools://devtools/bundled/devtools-frontend/front_end/core/protocol_client/protocol_client.js (1)
4월 08, 2024 12:38:24.915 [12420:7288:0408/123824.915:ERROR:CONSOLE(1)] "Request Overlay.highlightNode failed. {"code":-32600,"message":"The node's document is not active"}", source: devtools://devtools/bundled/devtools-frontend/front_end/core/protocol_client/protocol_client.js (1)
4월 08, 2024 12:38:25.799 [12420:7288:0408/123825.799:ERROR:CONSOLE(1)] "Request Overlay.highlightNode failed. {"code":-32600,"message":"The node's document is not active"}", source: devtools://devtools/bundled/devtools-frontend/front_end/core/protocol_client/protocol_client.js (1)
4월 08, 2024 12:38:26.288 [12420:7288:0408/123826.288:ERROR:CONSOLE(1)] "Request Overlay.highlightNode failed. {"code":-32600,"message":"The node's document is not active"}", source: devtools://devtools/bundled/devtools-frontend/front_end/core/protocol_client/protocol_client.js (1)
4월 08, 2024 12:38:26.318 [12420:7288:0408/123826.318:ERROR:CONSOLE(1)] "Request Overlay.highlightNode failed. {"code":-32600,"message":"The node's document is not active"}", source: devtools://devtools/bundled/devtools-frontend/front_end/core/protocol_client/protocol_client.js (1)
4월 08, 2024 12:38:26.350 [12420:7288:0408/123826.350:ERROR:CONSOLE(1)] "Request Overlay.highlightNode failed. {"code":-32600,"message":"The node's document is not active"}", source: devtools://devtools/bundled/devtools-frontend/front_end/core/protocol_client/protocol_client.js (1)
4월 08, 2024 12:38:26.655 [12420:7288:0408/123826.655:ERROR:CONSOLE(1)] "Request Overlay.highlightNode failed. {"code":-32600,"message":"The node's document is not active"}", source: devtools://devtools/bundled/devtools-frontend/front_end/core/protocol_client/protocol_client.js (1)
4월 08, 2024 12:38:26.719 [12420:7288:0408/123826.718:ERROR:CONSOLE(1)] "Request Overlay.highlightNode failed. {"code":-32600,"message":"The node's document is not active"}", source: devtools://devtools/bundled/devtools-frontend/front_end/core/protocol_client/protocol_client.js (1)
4월 08, 2024 12:38:26.905 [12420:7288:0408/123826.905:ERROR:CONSOLE(1)] "Request Overlay.highlightNode failed. {"code":-32600,"message":"The node's document is not active"}", source: devtools://devtools/bundled/devtools-frontend/front_end/core/protocol_client/protocol_client.js (1)
4월 08, 2024 12:38:26.968 [12420:7288:0408/123826.968:ERROR:CONSOLE(1)] "Request Overlay.highlightNode failed. {"code":-32600,"message":"The node's document is not active"}", source: devtools://devtools/bundled/devtools-frontend/front_end/core/protocol_client/protocol_client.js (1)
4월 08, 2024 12:38:27.205 [12420:7288:0408/123827.205:ERROR:CONSOLE(1)] "Request Overlay.highlightNode failed. {"code":-32600,"message":"The node's document is not active"}", source: devtools://devtools/bundled/devtools-frontend/front_end/core/protocol_client/protocol_client.js (1)
4월 08, 2024 12:38:27.269 [12420:7288:0408/123827.269:ERROR:CONSOLE(1)] "Request Overlay.highlightNode failed. {"code":-32600,"message":"The node's document is not active"}", source: devtools://devtools/bundled/devtools-frontend/front_end/core/protocol_client/protocol_client.js (1)
4월 08, 2024 12:38:27.389 [12420:7288:0408/123827.389:ERROR:CONSOLE(1)] "Request Overlay.highlightNode failed. {"code":-32600,"message":"The node's document is not active"}", source: devtools://devtools/bundled/devtools-frontend/front_end/core/protocol_client/protocol_client.js (1)
4월 08, 2024 12:38:27.933 [12420:7288:0408/123827.933:ERROR:CONSOLE(1)] "Request Overlay.highlightNode failed. {"code":-32600,"message":"The node's document is not active"}", source: devtools://devtools/bundled/devtools-frontend/front_end/core/protocol_client/protocol_client.js (1)
4월 08, 2024 12:38:28.75 [12420:7288:0408/123828.074:ERROR:CONSOLE(1)] "Request Overlay.highlightNode failed. {"code":-32600,"message":"The node's document is not active"}", source: devtools://devtools/bundled/devtools-frontend/front_end/core/protocol_client/protocol_client.js (1)
4월 08, 2024 12:38:28.175 [12420:7288:0408/123828.174:ERROR:CONSOLE(1)] "Request Overlay.highlightNode failed. {"code":-32600,"message":"The node's document is not active"}", source: devtools://devtools/bundled/devtools-frontend/front_end/core/protocol_client/protocol_client.js (1)
4월 08, 2024 12:38:28.340 [12420:7288:0408/123828.340:ERROR:CONSOLE(1)] "Request Overlay.highlightNode failed. {"code":-32600,"message":"The node's document is not active"}", source: devtools://devtools/bundled/devtools-frontend/front_end/core/protocol_client/protocol_client.js (1)
4월 08, 2024 12:38:28.373 [12420:7288:0408/123828.373:ERROR:CONSOLE(1)] "Request Overlay.highlightNode failed. {"code":-32600,"message":"The node's document is not active"}", source: devtools://devtools/bundled/devtools-frontend/front_end/core/protocol_client/protocol_client.js (1)
4월 08, 2024 12:38:28.877 [12420:7288:0408/123828.877:ERROR:CONSOLE(1)] "Request Overlay.highlightNode failed. {"code":-32600,"message":"The node's document is not active"}", source: devtools://devtools/bundled/devtools-frontend/front_end/core/protocol_client/protocol_client.js (1)
4월 08, 2024 12:38:29.24 [12420:7288:0408/123829.024:ERROR:CONSOLE(1)] "Request Overlay.highlightNode failed. {"code":-32600,"message":"The node's document is not active"}", source: devtools://devtools/bundled/devtools-frontend/front_end/core/protocol_client/protocol_client.js (1)
4월 08, 2024 12:38:29.125 [12420:7288:0408/123829.124:ERROR:CONSOLE(1)] "Request Overlay.highlightNode failed. {"code":-32600,"message":"The node's document is not active"}", source: devtools://devtools/bundled/devtools-frontend/front_end/core/protocol_client/protocol_client.js (1)
4월 08, 2024 12:38:29.193 [12420:7288:0408/123829.193:ERROR:CONSOLE(1)] "Request Overlay.highlightNode failed. {"code":-32600,"message":"The node's document is not active"}", source: devtools://devtools/bundled/devtools-frontend/front_end/core/protocol_client/protocol_client.js (1)
4월 08, 2024 12:38:29.258 [12420:7288:0408/123829.258:ERROR:CONSOLE(1)] "Request Overlay.highlightNode failed. {"code":-32600,"message":"The node's document is not active"}", source: devtools://devtools/bundled/devtools-frontend/front_end/core/protocol_client/protocol_client.js (1)
4월 08, 2024 12:38:29.375 [12420:7288:0408/123829.374:ERROR:CONSOLE(1)] "Request Overlay.highlightNode failed. {"code":-32600,"message":"The node's document is not active"}", source: devtools://devtools/bundled/devtools-frontend/front_end/core/protocol_client/protocol_client.js (1)
4월 08, 2024 12:38:29.442 [12420:7288:0408/123829.442:ERROR:CONSOLE(1)] "Request Overlay.highlightNode failed. {"code":-32600,"message":"The node's document is not active"}", source: devtools://devtools/bundled/devtools-frontend/front_end/core/protocol_client/protocol_client.js (1)
4월 08, 2024 12:38:29.458 [12420:7288:0408/123829.458:ERROR:CONSOLE(1)] "Request Overlay.highlightNode failed. {"code":-32600,"message":"The node's document is not active"}", source: devtools://devtools/bundled/devtools-frontend/front_end/core/protocol_client/protocol_client.js (1)
4월 08, 2024 12:38:29.473 [12420:7288:0408/123829.472:ERROR:CONSOLE(1)] "Request Overlay.highlightNode failed. {"code":-32600,"message":"The node's document is not active"}", source: devtools://devtools/bundled/devtools-frontend/front_end/core/protocol_client/protocol_client.js (1)
4월 08, 2024 12:38:29.487 [12420:7288:0408/123829.487:ERROR:CONSOLE(1)] "Request Overlay.highlightNode failed. {"code":-32600,"message":"The node's document is not active"}", source: devtools://devtools/bundled/devtools-frontend/front_end/core/protocol_client/protocol_client.js (1)
4월 08, 2024 12:38:29.503 [12420:7288:0408/123829.503:ERROR:CONSOLE(1)] "Request Overlay.highlightNode failed. {"code":-32600,"message":"The node's document is not active"}", source: devtools://devtools/bundled/devtools-frontend/front_end/core/protocol_client/protocol_client.js (1)
4월 08, 2024 12:38:29.521 [12420:7288:0408/123829.521:ERROR:CONSOLE(1)] "Request Overlay.highlightNode failed. {"code":-32600,"message":"The node's document is not active"}", source: devtools://devtools/bundled/devtools-frontend/front_end/core/protocol_client/protocol_client.js (1)
4월 08, 2024 12:38:29.537 [12420:7288:0408/123829.537:ERROR:CONSOLE(1)] "Request Overlay.highlightNode failed. {"code":-32600,"message":"The node's document is not active"}", source: devtools://devtools/bundled/devtools-frontend/front_end/core/protocol_client/protocol_client.js (1)
4월 08, 2024 12:38:29.554 [12420:7288:0408/123829.554:ERROR:CONSOLE(1)] "Request Overlay.highlightNode failed. {"code":-32600,"message":"The node's document is not active"}", source: devtools://devtools/bundled/devtools-frontend/front_end/core/protocol_client/protocol_client.js (1)
4월 08, 2024 12:38:29.814 [12420:7288:0408/123829.814:ERROR:CONSOLE(1)] "Request Overlay.highlightNode failed. {"code":-32600,"message":"The node's document is not active"}", source: devtools://devtools/bundled/devtools-frontend/front_end/core/protocol_client/protocol_client.js (1)
4월 08, 2024 12:38:29.909 [12420:7288:0408/123829.908:ERROR:CONSOLE(1)] "Request Overlay.highlightNode failed. {"code":-32600,"message":"The node's document is not active"}", source: devtools://devtools/bundled/devtools-frontend/front_end/core/protocol_client/protocol_client.js (1)
4월 08, 2024 12:38:30.304 [12420:7288:0408/123830.304:ERROR:CONSOLE(1)] "Request Overlay.highlightNode failed. {"code":-32600,"message":"The node's document is not active"}", source: devtools://devtools/bundled/devtools-frontend/front_end/core/protocol_client/protocol_client.js (1)
4월 08, 2024 12:38:30.546 [12420:7288:0408/123830.545:ERROR:CONSOLE(1)] "Request Overlay.highlightNode failed. {"code":-32600,"message":"The node's document is not active"}", source: devtools://devtools/bundled/devtools-frontend/front_end/core/protocol_client/protocol_client.js (1)
4월 08, 2024 12:38:30.855 [12420:7288:0408/123830.855:ERROR:CONSOLE(1)] "Request Overlay.highlightNode failed. {"code":-32600,"message":"The node's document is not active"}", source: devtools://devtools/bundled/devtools-frontend/front_end/core/protocol_client/protocol_client.js (1)
4월 08, 2024 12:38:30.909 [12420:7288:0408/123830.909:ERROR:CONSOLE(1)] "Request Overlay.highlightNode failed. {"code":-32600,"message":"The node's document is not active"}", source: devtools://devtools/bundled/devtools-frontend/front_end/core/protocol_client/protocol_client.js (1)
4월 08, 2024 12:38:30.921 [12420:7288:0408/123830.921:ERROR:CONSOLE(1)] "Request Overlay.highlightNode failed. {"code":-32600,"message":"The node's document is not active"}", source: devtools://devtools/bundled/devtools-frontend/front_end/core/protocol_client/protocol_client.js (1)
4월 08, 2024 12:38:30.939 [12420:7288:0408/123830.938:ERROR:CONSOLE(1)] "Request Overlay.highlightNode failed. {"code":-32600,"message":"The node's document is not active"}", source: devtools://devtools/bundled/devtools-frontend/front_end/core/protocol_client/protocol_client.js (1)
4월 08, 2024 12:38:30.956 [12420:7288:0408/123830.956:ERROR:CONSOLE(1)] "Request Overlay.highlightNode failed. {"code":-32600,"message":"The node's document is not active"}", source: devtools://devtools/bundled/devtools-frontend/front_end/core/protocol_client/protocol_client.js (1)
4월 08, 2024 12:38:30.989 [12420:7288:0408/123830.989:ERROR:CONSOLE(1)] "Request Overlay.highlightNode failed. {"code":-32600,"message":"The node's document is not active"}", source: devtools://devtools/bundled/devtools-frontend/front_end/core/protocol_client/protocol_client.js (1)
4월 08, 2024 12:38:31.07 [12420:7288:0408/123831.007:ERROR:CONSOLE(1)] "Request Overlay.highlightNode failed. {"code":-32600,"message":"The node's document is not active"}", source: devtools://devtools/bundled/devtools-frontend/front_end/core/protocol_client/protocol_client.js (1)
4월 08, 2024 12:38:31.41 [12420:7288:0408/123831.041:ERROR:CONSOLE(1)] "Request Overlay.highlightNode failed. {"code":-32600,"message":"The node's document is not active"}", source: devtools://devtools/bundled/devtools-frontend/front_end/core/protocol_client/protocol_client.js (1)
4월 08, 2024 12:38:31.75 [12420:7288:0408/123831.074:ERROR:CONSOLE(1)] "Request Overlay.highlightNode failed. {"code":-32600,"message":"The node's document is not active"}", source: devtools://devtools/bundled/devtools-frontend/front_end/core/protocol_client/protocol_client.js (1)
4월 08, 2024 12:38:31.248 [12420:7288:0408/123831.247:ERROR:CONSOLE(1)] "Request Overlay.highlightNode failed. {"code":-32600,"message":"The node's document is not active"}", source: devtools://devtools/bundled/devtools-frontend/front_end/core/protocol_client/protocol_client.js (1)
4월 08, 2024 12:38:31.443 [12420:7288:0408/123831.443:ERROR:CONSOLE(1)] "Request Overlay.highlightNode failed. {"code":-32600,"message":"The node's document is not active"}", source: devtools://devtools/bundled/devtools-frontend/front_end/core/protocol_client/protocol_client.js (1)
4월 08, 2024 12:38:31.489 [12420:7288:0408/123831.489:ERROR:CONSOLE(1)] "Request Overlay.highlightNode failed. {"code":-32600,"message":"The node's document is not active"}", source: devtools://devtools/bundled/devtools-frontend/front_end/core/protocol_client/protocol_client.js (1)
4월 08, 2024 12:38:31.512 [12420:7288:0408/123831.512:ERROR:CONSOLE(1)] "Request Overlay.highlightNode failed. {"code":-32600,"message":"The node's document is not active"}", source: devtools://devtools/bundled/devtools-frontend/front_end/core/protocol_client/protocol_client.js (1)
4월 08, 2024 12:38:31.540 [12420:7288:0408/123831.539:ERROR:CONSOLE(1)] "Request Overlay.highlightNode failed. {"code":-32600,"message":"The node's document is not active"}", source: devtools://devtools/bundled/devtools-frontend/front_end/core/protocol_client/protocol_client.js (1)
4월 08, 2024 12:38:31.856 [12420:7288:0408/123831.856:ERROR:CONSOLE(1)] "Request Overlay.highlightNode failed. {"code":-32600,"message":"The node's document is not active"}", source: devtools://devtools/bundled/devtools-frontend/front_end/core/protocol_client/protocol_client.js (1)
4월 08, 2024 12:38:31.893 [12420:7288:0408/123831.893:ERROR:CONSOLE(1)] "Request Overlay.highlightNode failed. {"code":-32600,"message":"The node's document is not active"}", source: devtools://devtools/bundled/devtools-frontend/front_end/core/protocol_client/protocol_client.js (1)
4월 08, 2024 12:38:31.906 [12420:7288:0408/123831.906:ERROR:CONSOLE(1)] "Request Overlay.highlightNode failed. {"code":-32600,"message":"The node's document is not active"}", source: devtools://devtools/bundled/devtools-frontend/front_end/core/protocol_client/protocol_client.js (1)
4월 08, 2024 12:38:32.95 [12420:7288:0408/123832.095:ERROR:CONSOLE(1)] "Request Overlay.highlightNode failed. {"code":-32600,"message":"The node's document is not active"}", source: devtools://devtools/bundled/devtools-frontend/front_end/core/protocol_client/protocol_client.js (1)
4월 08, 2024 12:38:32.194 [12420:7288:0408/123832.194:ERROR:CONSOLE(1)] "Request Overlay.highlightNode failed. {"code":-32600,"message":"The node's document is not active"}", source: devtools://devtools/bundled/devtools-frontend/front_end/core/protocol_client/protocol_client.js (1)
4월 08, 2024 12:38:32.521 [12420:7288:0408/123832.520:ERROR:CONSOLE(1)] "Request Overlay.highlightNode failed. {"code":-32600,"message":"The node's document is not active"}", source: devtools://devtools/bundled/devtools-frontend/front_end/core/protocol_client/protocol_client.js (1)
4월 08, 2024 12:38:33.497 [12420:7288:0408/123833.497:ERROR:CONSOLE(1)] "Request Overlay.highlightNode failed. {"code":-32600,"message":"The node's document is not active"}", source: devtools://devtools/bundled/devtools-frontend/front_end/core/protocol_client/protocol_client.js (1)
4월 08, 2024 12:38:33.940 [12420:7288:0408/123833.940:ERROR:CONSOLE(1)] "Request Overlay.highlightNode failed. {"code":-32600,"message":"The node's document is not active"}", source: devtools://devtools/bundled/devtools-frontend/front_end/core/protocol_client/protocol_client.js (1)
4월 08, 2024 12:38:34.16 [12420:7288:0408/123834.016:ERROR:CONSOLE(1)] "Request Overlay.highlightNode failed. {"code":-32600,"message":"The node's document is not active"}", source: devtools://devtools/bundled/devtools-frontend/front_end/core/protocol_client/protocol_client.js (1)
4월 08, 2024 12:38:34.61 [12420:7288:0408/123834.061:ERROR:CONSOLE(1)] "Request Overlay.highlightNode failed. {"code":-32600,"message":"The node's document is not active"}", source: devtools://devtools/bundled/devtools-frontend/front_end/core/protocol_client/protocol_client.js (1)
4월 08, 2024 12:38:34.113 [12420:7288:0408/123834.112:ERROR:CONSOLE(1)] "Request Overlay.highlightNode failed. {"code":-32600,"message":"The node's document is not active"}", source: devtools://devtools/bundled/devtools-frontend/front_end/core/protocol_client/protocol_client.js (1)
4월 08, 2024 12:38:34.197 [12420:7288:0408/123834.196:ERROR:CONSOLE(1)] "Request Overlay.highlightNode failed. {"code":-32600,"message":"The node's document is not active"}", source: devtools://devtools/bundled/devtools-frontend/front_end/core/protocol_client/protocol_client.js (1)
4월 08, 2024 12:38:34.329 [12420:7288:0408/123834.329:ERROR:CONSOLE(1)] "Request Overlay.highlightNode failed. {"code":-32600,"message":"The node's document is not active"}", source: devtools://devtools/bundled/devtools-frontend/front_end/core/protocol_client/protocol_client.js (1)
4월 08, 2024 12:38:34.780 [12420:7288:0408/123834.780:ERROR:CONSOLE(1)] "Request Overlay.highlightNode failed. {"code":-32600,"message":"The node's document is not active"}", source: devtools://devtools/bundled/devtools-frontend/front_end/core/protocol_client/protocol_client.js (1)
4월 08, 2024 12:38:34.841 [12420:7288:0408/123834.841:ERROR:CONSOLE(1)] "Request Overlay.highlightNode failed. {"code":-32600,"message":"The node's document is not active"}", source: devtools://devtools/bundled/devtools-frontend/front_end/core/protocol_client/protocol_client.js (1)
4월 08, 2024 12:38:34.995 [12420:7288:0408/123834.995:ERROR:CONSOLE(1)] "Request Overlay.highlightNode failed. {"code":-32600,"message":"The node's document is not active"}", source: devtools://devtools/bundled/devtools-frontend/front_end/core/protocol_client/protocol_client.js (1)
4월 08, 2024 12:38:35.61 [12420:7288:0408/123835.060:ERROR:CONSOLE(1)] "Request Overlay.highlightNode failed. {"code":-32600,"message":"The node's document is not active"}", source: devtools://devtools/bundled/devtools-frontend/front_end/core/protocol_client/protocol_client.js (1)
4월 08, 2024 12:38:35.79 [12420:7288:0408/123835.079:ERROR:CONSOLE(1)] "Request Overlay.highlightNode failed. {"code":-32600,"message":"The node's document is not active"}", source: devtools://devtools/bundled/devtools-frontend/front_end/core/protocol_client/protocol_client.js (1)
4월 08, 2024 12:38:35.112 [12420:7288:0408/123835.112:ERROR:CONSOLE(1)] "Request Overlay.highlightNode failed. {"code":-32600,"message":"The node's document is not active"}", source: devtools://devtools/bundled/devtools-frontend/front_end/core/protocol_client/protocol_client.js (1)
4월 08, 2024 12:38:35.128 [12420:7288:0408/123835.128:ERROR:CONSOLE(1)] "Request Overlay.highlightNode failed. {"code":-32600,"message":"The node's document is not active"}", source: devtools://devtools/bundled/devtools-frontend/front_end/core/protocol_client/protocol_client.js (1)
4월 08, 2024 12:43:13.960 [12420:7288:0408/124313.960:ERROR:CONSOLE(1)] "Request Overlay.highlightNode failed. {"code":-32600,"message":"The node's document is not active"}", source: devtools://devtools/bundled/devtools-frontend/front_end/core/protocol_client/protocol_client.js (1)
4월 08, 2024 12:43:13.972 [12420:7288:0408/124313.972:ERROR:CONSOLE(1)] "Request Overlay.highlightNode failed. {"code":-32600,"message":"The node's document is not active"}", source: devtools://devtools/bundled/devtools-frontend/front_end/core/protocol_client/protocol_client.js (1)
4월 08, 2024 12:43:13.988 [12420:7288:0408/124313.987:ERROR:CONSOLE(1)] "Request Overlay.highlightNode failed. {"code":-32600,"message":"The node's document is not active"}", source: devtools://devtools/bundled/devtools-frontend/front_end/core/protocol_client/protocol_client.js (1)

4월 08, 2024 20:17:33.267 NEW SESSION
4월 08, 2024 20:17:33.267 INFO: Created TensorFlow Lite XNNPACK delegate for CPU.

4월 09, 2024 10:37:38.480 NEW SESSION
4월 09, 2024 10:37:38.480 INFO: Created TensorFlow Lite XNNPACK delegate for CPU.
4월 09, 2024 10:39:13.44 INFO: Created TensorFlow Lite XNNPACK delegate for CPU.
4월 09, 2024 11:00:29.193 INFO: Created TensorFlow Lite XNNPACK delegate for CPU.
4월 09, 2024 11:01:28.223 INFO: Created TensorFlow Lite XNNPACK delegate for CPU.
4월 09, 2024 11:19:20.833 INFO: Created TensorFlow Lite XNNPACK delegate for CPU.

5월 20, 2024 17:55:20.847 NEW SESSION
5월 20, 2024 17:55:20.847 Created TensorFlow Lite XNNPACK delegate for CPU.
